1667541268: Updated particle roster ^_^
1667541268: Updated particle roster ^_^
1667541271: System.ConsoleKeyInfo key was pressed!
1667541271: Updated particle roster ^_^
1667541271: Updated particle roster ^_^
1667541271: Successfully added piece to the board from on_deck!
1667541271: Updated particle roster ^_^
1667541271: Successfully swapped active piece
1667541271: Updated particle roster ^_^
1667541271: Updated particle roster ^_^
1667541273: System.ConsoleKeyInfo key was pressed!
1667541273: Updated particle roster ^_^
1667541295: Updated particle roster ^_^
1667541295: Updated particle roster ^_^
1667541296: System.ConsoleKeyInfo key was pressed!
1667541296: Updated particle roster ^_^
1667541296: Updated particle roster ^_^
1667541296: Successfully added piece to the board from on_deck!
1667541296: Updated particle roster ^_^
1667541296: Successfully swapped active piece
1667541296: Updated particle roster ^_^
1667541296: Updated particle roster ^_^
1667541300: System.ConsoleKeyInfo key was pressed!
1667541300: Updated particle roster ^_^
1667541300: System.ConsoleKeyInfo key was pressed!
1667541300: Updated particle roster ^_^
1667541300: System.ConsoleKeyInfo key was pressed!
1667541300: Updated particle roster ^_^
1667541301: System.ConsoleKeyInfo key was pressed!
1667541301: Updated particle roster ^_^
1667541301: Updated particle roster ^_^
1667541301: Successfully added piece to the board from on_deck!
1667541301: Updated particle roster ^_^
1667541301: Successfully swapped active piece
1667541301: Updated particle roster ^_^
1667541301: Updated particle roster ^_^
1667541302: System.ConsoleKeyInfo key was pressed!
1667541302: Updated particle roster ^_^
1667541302: System.ConsoleKeyInfo key was pressed!
1667541302: Updated particle roster ^_^
1667541302: System.ConsoleKeyInfo key was pressed!
1667541302: Updated particle roster ^_^
1667541302: System.ConsoleKeyInfo key was pressed!
1667541302: Updated particle roster ^_^
1667541303: System.ConsoleKeyInfo key was pressed!
1667541303: Updated particle roster ^_^
1667541303: Updated particle roster ^_^
1667541303: Successfully added piece to the board from on_deck!
1667541303: Updated particle roster ^_^
1667541303: Successfully swapped active piece
1667541303: Updated particle roster ^_^
1667541303: Updated particle roster ^_^
1667541303: System.ConsoleKeyInfo key was pressed!
1667541303: Updated particle roster ^_^
1667541303: System.ConsoleKeyInfo key was pressed!
1667541303: Updated particle roster ^_^
1667541303: System.ConsoleKeyInfo key was pressed!
1667541303: Updated particle roster ^_^
1667541304: System.ConsoleKeyInfo key was pressed!
1667541304: Updated particle roster ^_^
1667541304: System.ConsoleKeyInfo key was pressed!
1667541304: Updated particle roster ^_^
1667541304: Updated particle roster ^_^
1667541304: Successfully added piece to the board from on_deck!
1667541304: Updated particle roster ^_^
1667541304: Successfully swapped active piece
1667541304: Updated particle roster ^_^
1667541304: Updated particle roster ^_^
1667541305: System.ConsoleKeyInfo key was pressed!
1667541305: Updated particle roster ^_^
1667541305: System.ConsoleKeyInfo key was pressed!
1667541305: Updated particle roster ^_^
1667541305: System.ConsoleKeyInfo key was pressed!
1667541305: Updated particle roster ^_^
1667541305: System.ConsoleKeyInfo key was pressed!
1667541305: Updated particle roster ^_^
1667541305: System.ConsoleKeyInfo key was pressed!
1667541305: Updated particle roster ^_^
1667541306: System.ConsoleKeyInfo key was pressed!
1667541306: Updated particle roster ^_^
1667541306: System.ConsoleKeyInfo key was pressed!
1667541306: Updated particle roster ^_^
1667541306: System.ConsoleKeyInfo key was pressed!
1667541306: Updated particle roster ^_^
1667541307: System.ConsoleKeyInfo key was pressed!
1667541307: Updated particle roster ^_^
1667541307: System.ConsoleKeyInfo key was pressed!
1667541307: Updated particle roster ^_^
1667541307: System.ConsoleKeyInfo key was pressed!
1667541307: Updated particle roster ^_^
1667541307: System.ConsoleKeyInfo key was pressed!
1667541307: Updated particle roster ^_^
1667541308: System.ConsoleKeyInfo key was pressed!
1667541308: Updated particle roster ^_^
1667541309: System.ConsoleKeyInfo key was pressed!
1667541309: Updated particle roster ^_^
1667541309: System.ConsoleKeyInfo key was pressed!
1667541309: Updated particle roster ^_^
1667541309: System.ConsoleKeyInfo key was pressed!
1667541309: Updated particle roster ^_^
1667541309: System.ConsoleKeyInfo key was pressed!
1667541309: Updated particle roster ^_^
1667541309: System.ConsoleKeyInfo key was pressed!
1667541309: Updated particle roster ^_^
1667541310: System.ConsoleKeyInfo key was pressed!
1667541310: Updated particle roster ^_^
1667541310: System.ConsoleKeyInfo key was pressed!
1667541310: Updated particle roster ^_^
1667541310: Updated particle roster ^_^
1667541310: Successfully added piece to the board from on_deck!
1667541310: Updated particle roster ^_^
1667541310: Successfully swapped active piece
1667541310: Updated particle roster ^_^
1667541310: Updated particle roster ^_^
1667541310: System.ConsoleKeyInfo key was pressed!
1667541310: Updated particle roster ^_^
1667541311: System.ConsoleKeyInfo key was pressed!
1667541311: Updated particle roster ^_^
1667541312: System.ConsoleKeyInfo key was pressed!
1667541312: Updated particle roster ^_^
1667541312: System.ConsoleKeyInfo key was pressed!
1667541312: Updated particle roster ^_^
1667541312: System.ConsoleKeyInfo key was pressed!
1667541312: Updated particle roster ^_^
1667541313: System.ConsoleKeyInfo key was pressed!
1667541313: Updated particle roster ^_^
1667541314: System.ConsoleKeyInfo key was pressed!
1667541314: Updated particle roster ^_^
1667541315: System.ConsoleKeyInfo key was pressed!
1667541315: Updated particle roster ^_^
1667541315: Updated particle roster ^_^
1667541315: Successfully added piece to the board from on_deck!
1667541315: Updated particle roster ^_^
1667541315: Successfully swapped active piece
1667541315: Updated particle roster ^_^
1667541315: Updated particle roster ^_^
1667541316: System.ConsoleKeyInfo key was pressed!
1667541316: Updated particle roster ^_^
1667541317: System.ConsoleKeyInfo key was pressed!
1667541317: Updated particle roster ^_^
1667541317: System.ConsoleKeyInfo key was pressed!
1667541317: Updated particle roster ^_^
1667541318: System.ConsoleKeyInfo key was pressed!
1667541318: Updated particle roster ^_^
1667541318: System.ConsoleKeyInfo key was pressed!
1667541318: Updated particle roster ^_^
1667541318: Updated particle roster ^_^
1667541318: Successfully added piece to the board from on_deck!
1667541318: Updated particle roster ^_^
1667541318: Successfully swapped active piece
1667541318: Updated particle roster ^_^
1667541318: Updated particle roster ^_^
1667541319: System.ConsoleKeyInfo key was pressed!
1667541319: Updated particle roster ^_^
1667541319: System.ConsoleKeyInfo key was pressed!
1667541319: Updated particle roster ^_^
1667541320: System.ConsoleKeyInfo key was pressed!
1667541320: Updated particle roster ^_^
1667541321: System.ConsoleKeyInfo key was pressed!
1667541321: Updated particle roster ^_^
1667541321: System.ConsoleKeyInfo key was pressed!
1667541321: Updated particle roster ^_^
1667541321: Updated particle roster ^_^
1667541321: Successfully added piece to the board from on_deck!
1667541321: Updated particle roster ^_^
1667541321: Successfully swapped active piece
1667541321: Updated particle roster ^_^
1667541321: Updated particle roster ^_^
1667541323: System.ConsoleKeyInfo key was pressed!
1667541323: Updated particle roster ^_^
1667541324: System.ConsoleKeyInfo key was pressed!
1667541324: Updated particle roster ^_^
1667541324: System.ConsoleKeyInfo key was pressed!
1667541324: Updated particle roster ^_^
1667541324: System.ConsoleKeyInfo key was pressed!
1667541324: Updated particle roster ^_^
1667541324: System.ConsoleKeyInfo key was pressed!
1667541324: Updated particle roster ^_^
1667541324: System.ConsoleKeyInfo key was pressed!
1667541324: Updated particle roster ^_^
1667541324: Updated particle roster ^_^
1667541324: Successfully added piece to the board from on_deck!
1667541324: Updated particle roster ^_^
1667541324: Successfully swapped active piece
1667541324: Updated particle roster ^_^
1667541324: Updated particle roster ^_^
1667541325: System.ConsoleKeyInfo key was pressed!
1667541325: Updated particle roster ^_^
1667541325: System.ConsoleKeyInfo key was pressed!
1667541325: Updated particle roster ^_^
1667541325: System.ConsoleKeyInfo key was pressed!
1667541325: Updated particle roster ^_^
1667541325: System.ConsoleKeyInfo key was pressed!
1667541325: Updated particle roster ^_^
1667541326: System.ConsoleKeyInfo key was pressed!
1667541326: Updated particle roster ^_^
1667541326: System.ConsoleKeyInfo key was pressed!
1667541326: Updated particle roster ^_^
1667541326: System.ConsoleKeyInfo key was pressed!
1667541326: Updated particle roster ^_^
1667541327: System.ConsoleKeyInfo key was pressed!
1667541327: Updated particle roster ^_^
1667541328: System.ConsoleKeyInfo key was pressed!
1667541328: Updated particle roster ^_^
1667541328: System.ConsoleKeyInfo key was pressed!
1667541328: Updated particle roster ^_^
1667541328: Updated particle roster ^_^
1667541328: Successfully added piece to the board from on_deck!
1667541328: Updated particle roster ^_^
1667541328: Successfully swapped active piece
1667541328: Updated particle roster ^_^
1667541328: Updated particle roster ^_^
1667541330: System.ConsoleKeyInfo key was pressed!
1667541330: Updated particle roster ^_^
1667541330: System.ConsoleKeyInfo key was pressed!
1667541330: Updated particle roster ^_^
1667541331: System.ConsoleKeyInfo key was pressed!
1667541331: Updated particle roster ^_^
1667541331: System.ConsoleKeyInfo key was pressed!
1667541331: Updated particle roster ^_^
1667541331: System.ConsoleKeyInfo key was pressed!
1667541331: Updated particle roster ^_^
1667541331: System.ConsoleKeyInfo key was pressed!
1667541331: Updated particle roster ^_^
1667541332: System.ConsoleKeyInfo key was pressed!
1667541332: Updated particle roster ^_^
1667541332: System.ConsoleKeyInfo key was pressed!
1667541332: Updated particle roster ^_^
1667541332: System.ConsoleKeyInfo key was pressed!
1667541332: Updated particle roster ^_^
1667541332: System.ConsoleKeyInfo key was pressed!
1667541332: Updated particle roster ^_^
1667541332: Updated particle roster ^_^
1667541332: Successfully added piece to the board from on_deck!
1667541332: Updated particle roster ^_^
1667541332: Successfully swapped active piece
1667541332: Updated particle roster ^_^
1667541332: Removing line in row 18!!!
1667541332: Cleared completed lines ^_^
1667541332: Updated particle roster ^_^
1667541333: System.ConsoleKeyInfo key was pressed!
1667541333: Updated particle roster ^_^
1667541334: System.ConsoleKeyInfo key was pressed!
1667541334: Updated particle roster ^_^
1667541334: Updated particle roster ^_^
1667541334: Successfully added piece to the board from on_deck!
1667541334: Updated particle roster ^_^
1667541334: Successfully swapped active piece
1667541334: Updated particle roster ^_^
1667541334: Removing line in row 18!!!
1667541334: Cleared completed lines ^_^
1667541334: Updated particle roster ^_^
1667541334: System.ConsoleKeyInfo key was pressed!
1667541334: Updated particle roster ^_^
1667541335: System.ConsoleKeyInfo key was pressed!
1667541335: Updated particle roster ^_^
1667541335: System.ConsoleKeyInfo key was pressed!
1667541335: Updated particle roster ^_^
1667541336: System.ConsoleKeyInfo key was pressed!
1667541336: Updated particle roster ^_^
1667541336: System.ConsoleKeyInfo key was pressed!
1667541336: Updated particle roster ^_^
1667541336: System.ConsoleKeyInfo key was pressed!
1667541336: Updated particle roster ^_^
1667541337: System.ConsoleKeyInfo key was pressed!
1667541337: Updated particle roster ^_^
1667541337: Updated particle roster ^_^
1667541337: Successfully added piece to the board from on_deck!
1667541337: Updated particle roster ^_^
1667541337: Successfully swapped active piece
1667541337: Updated particle roster ^_^
1667541337: Updated particle roster ^_^
1667541338: System.ConsoleKeyInfo key was pressed!
1667541338: Updated particle roster ^_^
1667541338: System.ConsoleKeyInfo key was pressed!
1667541338: Updated particle roster ^_^
1667541338: System.ConsoleKeyInfo key was pressed!
1667541338: Updated particle roster ^_^
1667541339: System.ConsoleKeyInfo key was pressed!
1667541339: Updated particle roster ^_^
1667541340: System.ConsoleKeyInfo key was pressed!
1667541340: Updated particle roster ^_^
1667541341: System.ConsoleKeyInfo key was pressed!
1667541341: Updated particle roster ^_^
1667541341: System.ConsoleKeyInfo key was pressed!
1667541341: Updated particle roster ^_^
1667541341: Updated particle roster ^_^
1667541341: Successfully added piece to the board from on_deck!
1667541341: Updated particle roster ^_^
1667541341: Successfully swapped active piece
1667541341: Updated particle roster ^_^
1667541341: Updated particle roster ^_^
1667541343: System.ConsoleKeyInfo key was pressed!
1667541343: Updated particle roster ^_^
1667541344: System.ConsoleKeyInfo key was pressed!
1667541344: Updated particle roster ^_^
1667541344: System.ConsoleKeyInfo key was pressed!
1667541344: Updated particle roster ^_^
1667541345: System.ConsoleKeyInfo key was pressed!
1667541345: Updated particle roster ^_^
1667541345: System.ConsoleKeyInfo key was pressed!
1667541345: Updated particle roster ^_^
1667541345: System.ConsoleKeyInfo key was pressed!
1667541345: Updated particle roster ^_^
1667541345: System.ConsoleKeyInfo key was pressed!
1667541345: Updated particle roster ^_^
1667541345: System.ConsoleKeyInfo key was pressed!
1667541345: Updated particle roster ^_^
1667541346: System.ConsoleKeyInfo key was pressed!
1667541346: Updated particle roster ^_^
1667541346: System.ConsoleKeyInfo key was pressed!
1667541346: Updated particle roster ^_^
1667541346: System.ConsoleKeyInfo key was pressed!
1667541346: Updated particle roster ^_^
1667541346: System.ConsoleKeyInfo key was pressed!
1667541346: Updated particle roster ^_^
1667541346: System.ConsoleKeyInfo key was pressed!
1667541346: Updated particle roster ^_^
1667541347: System.ConsoleKeyInfo key was pressed!
1667541347: Updated particle roster ^_^
1667541347: System.ConsoleKeyInfo key was pressed!
1667541347: Updated particle roster ^_^
1667541347: System.ConsoleKeyInfo key was pressed!
1667541347: Updated particle roster ^_^
1667541347: System.ConsoleKeyInfo key was pressed!
1667541347: Updated particle roster ^_^
1667541348: System.ConsoleKeyInfo key was pressed!
1667541348: Updated particle roster ^_^
1667541348: System.ConsoleKeyInfo key was pressed!
1667541348: Updated particle roster ^_^
1667541348: Updated particle roster ^_^
1667541348: Successfully added piece to the board from on_deck!
1667541348: Updated particle roster ^_^
1667541348: Successfully swapped active piece
1667541348: Updated particle roster ^_^
1667541348: Updated particle roster ^_^
1667541349: System.ConsoleKeyInfo key was pressed!
1667541349: Updated particle roster ^_^
1667541350: System.ConsoleKeyInfo key was pressed!
1667541350: Updated particle roster ^_^
1667541350: System.ConsoleKeyInfo key was pressed!
1667541350: Updated particle roster ^_^
1667541351: System.ConsoleKeyInfo key was pressed!
1667541351: Updated particle roster ^_^
1667541351: System.ConsoleKeyInfo key was pressed!
1667541351: Updated particle roster ^_^
1667541351: System.ConsoleKeyInfo key was pressed!
1667541351: Updated particle roster ^_^
1667541351: Updated particle roster ^_^
1667541351: Successfully added piece to the board from on_deck!
1667541351: Updated particle roster ^_^
1667541351: Successfully swapped active piece
1667541351: Updated particle roster ^_^
1667541351: Updated particle roster ^_^
1667541353: System.ConsoleKeyInfo key was pressed!
1667541353: Updated particle roster ^_^
1667541353: System.ConsoleKeyInfo key was pressed!
1667541353: Updated particle roster ^_^
1667541353: System.ConsoleKeyInfo key was pressed!
1667541353: Updated particle roster ^_^
1667541353: System.ConsoleKeyInfo key was pressed!
1667541353: Updated particle roster ^_^
1667541353: System.ConsoleKeyInfo key was pressed!
1667541353: Updated particle roster ^_^
1667541353: System.ConsoleKeyInfo key was pressed!
1667541353: Updated particle roster ^_^
1667541354: System.ConsoleKeyInfo key was pressed!
1667541354: Updated particle roster ^_^
1667541354: System.ConsoleKeyInfo key was pressed!
1667541354: Updated particle roster ^_^
1667541354: Updated particle roster ^_^
1667541354: Successfully added piece to the board from on_deck!
1667541354: Updated particle roster ^_^
1667541354: Successfully swapped active piece
1667541354: Updated particle roster ^_^
1667541354: Removing line in row 18!!!
1667541354: Cleared completed lines ^_^
1667541354: Updated particle roster ^_^
1667541354: System.ConsoleKeyInfo key was pressed!
1667541354: Updated particle roster ^_^
1667541354: System.ConsoleKeyInfo key was pressed!
1667541354: Updated particle roster ^_^
1667541355: System.ConsoleKeyInfo key was pressed!
1667541355: Updated particle roster ^_^
1667541355: System.ConsoleKeyInfo key was pressed!
1667541355: Updated particle roster ^_^
1667541355: System.ConsoleKeyInfo key was pressed!
1667541355: Updated particle roster ^_^
1667541356: System.ConsoleKeyInfo key was pressed!
1667541356: Updated particle roster ^_^
1667541356: System.ConsoleKeyInfo key was pressed!
1667541356: Updated particle roster ^_^
1667541356: System.ConsoleKeyInfo key was pressed!
1667541356: Updated particle roster ^_^
1667541357: System.ConsoleKeyInfo key was pressed!
1667541357: Updated particle roster ^_^
1667541357: System.ConsoleKeyInfo key was pressed!
1667541357: Updated particle roster ^_^
1667541357: Updated particle roster ^_^
1667541357: Successfully added piece to the board from on_deck!
1667541357: Updated particle roster ^_^
1667541357: Successfully swapped active piece
1667541357: Updated particle roster ^_^
1667541357: Updated particle roster ^_^
1667541357: System.ConsoleKeyInfo key was pressed!
1667541357: Updated particle roster ^_^
1667541358: System.ConsoleKeyInfo key was pressed!
1667541358: Updated particle roster ^_^
1667541358: System.ConsoleKeyInfo key was pressed!
1667541358: Updated particle roster ^_^
1667541358: System.ConsoleKeyInfo key was pressed!
1667541358: Updated particle roster ^_^
1667541358: Updated particle roster ^_^
1667541358: Successfully added piece to the board from on_deck!
1667541358: Updated particle roster ^_^
1667541358: Successfully swapped active piece
1667541358: Updated particle roster ^_^
1667541358: Updated particle roster ^_^
1667541359: System.ConsoleKeyInfo key was pressed!
1667541359: Updated particle roster ^_^
1667541359: System.ConsoleKeyInfo key was pressed!
1667541359: Updated particle roster ^_^
1667541359: System.ConsoleKeyInfo key was pressed!
1667541359: Updated particle roster ^_^
1667541360: System.ConsoleKeyInfo key was pressed!
1667541360: Updated particle roster ^_^
1667541360: System.ConsoleKeyInfo key was pressed!
1667541360: Updated particle roster ^_^
1667541361: System.ConsoleKeyInfo key was pressed!
1667541361: Updated particle roster ^_^
1667541362: System.ConsoleKeyInfo key was pressed!
1667541362: Updated particle roster ^_^
1667541362: Updated particle roster ^_^
1667541362: Successfully added piece to the board from on_deck!
1667541362: Updated particle roster ^_^
1667541362: Successfully swapped active piece
1667541362: Updated particle roster ^_^
1667541362: Updated particle roster ^_^
1667541362: System.ConsoleKeyInfo key was pressed!
1667541362: Updated particle roster ^_^
1667541363: System.ConsoleKeyInfo key was pressed!
1667541363: Updated particle roster ^_^
1667541363: System.ConsoleKeyInfo key was pressed!
1667541363: Updated particle roster ^_^
1667541363: System.ConsoleKeyInfo key was pressed!
1667541363: Updated particle roster ^_^
1667541363: System.ConsoleKeyInfo key was pressed!
1667541363: Updated particle roster ^_^
1667541364: System.ConsoleKeyInfo key was pressed!
1667541364: Updated particle roster ^_^
1667541364: Updated particle roster ^_^
1667541364: Successfully added piece to the board from on_deck!
1667541364: Updated particle roster ^_^
1667541364: Successfully swapped active piece
1667541364: Updated particle roster ^_^
1667541364: Updated particle roster ^_^
1667541366: System.ConsoleKeyInfo key was pressed!
1667541366: Updated particle roster ^_^
1667541367: System.ConsoleKeyInfo key was pressed!
1667541367: Updated particle roster ^_^
1667541367: System.ConsoleKeyInfo key was pressed!
1667541367: Updated particle roster ^_^
1667541367: System.ConsoleKeyInfo key was pressed!
1667541367: Updated particle roster ^_^
1667541368: System.ConsoleKeyInfo key was pressed!
1667541368: Updated particle roster ^_^
1667541368: System.ConsoleKeyInfo key was pressed!
1667541368: Updated particle roster ^_^
1667541368: System.ConsoleKeyInfo key was pressed!
1667541368: Updated particle roster ^_^
1667541368: System.ConsoleKeyInfo key was pressed!
1667541368: Updated particle roster ^_^
1667541368: System.ConsoleKeyInfo key was pressed!
1667541368: Updated particle roster ^_^
1667541368: Updated particle roster ^_^
1667541368: Successfully added piece to the board from on_deck!
1667541368: Updated particle roster ^_^
1667541368: Successfully swapped active piece
1667541368: Updated particle roster ^_^
1667541368: Updated particle roster ^_^
1667541369: System.ConsoleKeyInfo key was pressed!
1667541369: Updated particle roster ^_^
1667541370: System.ConsoleKeyInfo key was pressed!
1667541370: Updated particle roster ^_^
1667541370: System.ConsoleKeyInfo key was pressed!
1667541370: Updated particle roster ^_^
1667541370: System.ConsoleKeyInfo key was pressed!
1667541371: Updated particle roster ^_^
1667541371: System.ConsoleKeyInfo key was pressed!
1667541371: Updated particle roster ^_^
1667541372: System.ConsoleKeyInfo key was pressed!
1667541372: Updated particle roster ^_^
1667541372: Updated particle roster ^_^
1667541372: Successfully added piece to the board from on_deck!
1667541372: Updated particle roster ^_^
1667541372: Successfully swapped active piece
1667541372: Updated particle roster ^_^
1667541372: Updated particle roster ^_^
1667541372: System.ConsoleKeyInfo key was pressed!
1667541372: Updated particle roster ^_^
1667541372: System.ConsoleKeyInfo key was pressed!
1667541372: Updated particle roster ^_^
1667541373: System.ConsoleKeyInfo key was pressed!
1667541373: Updated particle roster ^_^
1667541373: System.ConsoleKeyInfo key was pressed!
1667541373: Updated particle roster ^_^
1667541373: System.ConsoleKeyInfo key was pressed!
1667541373: Updated particle roster ^_^
1667541373: System.ConsoleKeyInfo key was pressed!
1667541373: Updated particle roster ^_^
1667541374: System.ConsoleKeyInfo key was pressed!
1667541374: Updated particle roster ^_^
1667541374: System.ConsoleKeyInfo key was pressed!
1667541374: Updated particle roster ^_^
1667541374: System.ConsoleKeyInfo key was pressed!
1667541374: Updated particle roster ^_^
1667541374: System.ConsoleKeyInfo key was pressed!
1667541374: Updated particle roster ^_^
1667541375: System.ConsoleKeyInfo key was pressed!
1667541375: Updated particle roster ^_^
1667541376: System.ConsoleKeyInfo key was pressed!
1667541376: Updated particle roster ^_^
1667541376: Updated particle roster ^_^
1667541376: Successfully added piece to the board from on_deck!
1667541376: Updated particle roster ^_^
1667541376: Successfully swapped active piece
1667541376: Updated particle roster ^_^
1667541376: Updated particle roster ^_^
1667541377: System.ConsoleKeyInfo key was pressed!
1667541377: Updated particle roster ^_^
1667541378: System.ConsoleKeyInfo key was pressed!
1667541378: Updated particle roster ^_^
1667541378: System.ConsoleKeyInfo key was pressed!
1667541378: Updated particle roster ^_^
1667541379: System.ConsoleKeyInfo key was pressed!
1667541379: Updated particle roster ^_^
1667541379: System.ConsoleKeyInfo key was pressed!
1667541379: Updated particle roster ^_^
1667541379: System.ConsoleKeyInfo key was pressed!
1667541379: Updated particle roster ^_^
1667541379: System.ConsoleKeyInfo key was pressed!
1667541379: Updated particle roster ^_^
1667541379: Updated particle roster ^_^
1667541379: Successfully added piece to the board from on_deck!
1667541379: Updated particle roster ^_^
1667541379: Successfully swapped active piece
1667541379: Updated particle roster ^_^
1667541379: Updated particle roster ^_^
1667541380: System.ConsoleKeyInfo key was pressed!
1667541380: Updated particle roster ^_^
1667541380: System.ConsoleKeyInfo key was pressed!
1667541380: Updated particle roster ^_^
1667541380: System.ConsoleKeyInfo key was pressed!
1667541380: Updated particle roster ^_^
1667541381: System.ConsoleKeyInfo key was pressed!
1667541381: Updated particle roster ^_^
1667541381: System.ConsoleKeyInfo key was pressed!
1667541381: Updated particle roster ^_^
1667541381: System.ConsoleKeyInfo key was pressed!
1667541381: Updated particle roster ^_^
1667541381: Updated particle roster ^_^
1667541381: Successfully added piece to the board from on_deck!
1667541381: Updated particle roster ^_^
1667541381: Successfully swapped active piece
1667541381: Updated particle roster ^_^
1667541381: Updated particle roster ^_^
1667541382: System.ConsoleKeyInfo key was pressed!
1667541382: Updated particle roster ^_^
1667541382: System.ConsoleKeyInfo key was pressed!
1667541382: Updated particle roster ^_^
1667541382: System.ConsoleKeyInfo key was pressed!
1667541382: Updated particle roster ^_^
1667541382: System.ConsoleKeyInfo key was pressed!
1667541382: Updated particle roster ^_^
1667541383: System.ConsoleKeyInfo key was pressed!
1667541383: Updated particle roster ^_^
1667541384: System.ConsoleKeyInfo key was pressed!
1667541384: Updated particle roster ^_^
1667541384: System.ConsoleKeyInfo key was pressed!
1667541384: Updated particle roster ^_^
1667541384: Updated particle roster ^_^
1667541384: Successfully added piece to the board from on_deck!
1667541384: Updated particle roster ^_^
1667541384: Successfully swapped active piece
1667541384: Updated particle roster ^_^
1667541384: Updated particle roster ^_^
1667541385: System.ConsoleKeyInfo key was pressed!
1667541385: Updated particle roster ^_^
1667541390: Updated particle roster ^_^
1667541390: Updated particle roster ^_^
1667541391: System.ConsoleKeyInfo key was pressed!
1667541391: Updated particle roster ^_^
1667541391: Updated particle roster ^_^
1667541391: Successfully added piece to the board from on_deck!
1667541391: Updated particle roster ^_^
1667541391: Successfully swapped active piece
1667541391: Updated particle roster ^_^
1667541391: Updated particle roster ^_^
1667541391: System.ConsoleKeyInfo key was pressed!
1667541391: Updated particle roster ^_^
1667541392: System.ConsoleKeyInfo key was pressed!
1667541392: Updated particle roster ^_^
1667541392: System.ConsoleKeyInfo key was pressed!
1667541392: Updated particle roster ^_^
1667541392: System.ConsoleKeyInfo key was pressed!
1667541392: Updated particle roster ^_^
1667541392: Updated particle roster ^_^
1667541392: Successfully added piece to the board from on_deck!
1667541392: Updated particle roster ^_^
1667541392: Successfully swapped active piece
1667541392: Updated particle roster ^_^
1667541392: Updated particle roster ^_^
1667541392: System.ConsoleKeyInfo key was pressed!
1667541392: Updated particle roster ^_^
1667541393: System.ConsoleKeyInfo key was pressed!
1667541393: Updated particle roster ^_^
1667541393: System.ConsoleKeyInfo key was pressed!
1667541393: Updated particle roster ^_^
1667541393: System.ConsoleKeyInfo key was pressed!
1667541393: Updated particle roster ^_^
1667541393: System.ConsoleKeyInfo key was pressed!
1667541393: Updated particle roster ^_^
1667541393: System.ConsoleKeyInfo key was pressed!
1667541393: Updated particle roster ^_^
1667541393: Updated particle roster ^_^
1667541393: Successfully added piece to the board from on_deck!
1667541393: Updated particle roster ^_^
1667541393: Successfully swapped active piece
1667541393: Updated particle roster ^_^
1667541393: Updated particle roster ^_^
1667541394: System.ConsoleKeyInfo key was pressed!
1667541394: Updated particle roster ^_^
1667541394: System.ConsoleKeyInfo key was pressed!
1667541394: Updated particle roster ^_^
1667541394: System.ConsoleKeyInfo key was pressed!
1667541394: Updated particle roster ^_^
1667541394: Updated particle roster ^_^
1667541394: Successfully added piece to the board from on_deck!
1667541394: Updated particle roster ^_^
1667541394: Successfully swapped active piece
1667541394: Updated particle roster ^_^
1667541394: Updated particle roster ^_^
1667541395: System.ConsoleKeyInfo key was pressed!
1667541395: Updated particle roster ^_^
1667541395: System.ConsoleKeyInfo key was pressed!
1667541395: Updated particle roster ^_^
1667541395: System.ConsoleKeyInfo key was pressed!
1667541395: Updated particle roster ^_^
1667541395: System.ConsoleKeyInfo key was pressed!
1667541395: Updated particle roster ^_^
1667541395: Updated particle roster ^_^
1667541395: Successfully added piece to the board from on_deck!
1667541395: Updated particle roster ^_^
1667541395: Successfully swapped active piece
1667541395: Updated particle roster ^_^
1667541395: Updated particle roster ^_^
1667541397: System.ConsoleKeyInfo key was pressed!
1667541397: Updated particle roster ^_^
1667541466: Updated particle roster ^_^
1667541466: Updated particle roster ^_^
1667541467: System.ConsoleKeyInfo key was pressed!
1667541467: Updated particle roster ^_^
1667541467: System.ConsoleKeyInfo key was pressed!
1667541467: Updated particle roster ^_^
1667541468: System.ConsoleKeyInfo key was pressed!
1667541468: Updated particle roster ^_^
1667541468: System.ConsoleKeyInfo key was pressed!
1667541468: Updated particle roster ^_^
1667541468: System.ConsoleKeyInfo key was pressed!
1667541468: Updated particle roster ^_^
1667541468: System.ConsoleKeyInfo key was pressed!
1667541468: Updated particle roster ^_^
1667541468: System.ConsoleKeyInfo key was pressed!
1667541468: Updated particle roster ^_^
1667541469: System.ConsoleKeyInfo key was pressed!
1667541469: Updated particle roster ^_^
1667541469: System.ConsoleKeyInfo key was pressed!
1667541469: Updated particle roster ^_^
1667541469: Updated particle roster ^_^
1667541469: Successfully added piece to the board from on_deck!
1667541469: Updated particle roster ^_^
1667541469: Successfully swapped active piece
1667541469: Updated particle roster ^_^
1667541469: Updated particle roster ^_^
1667541470: System.ConsoleKeyInfo key was pressed!
1667541470: Updated particle roster ^_^
1667541470: System.ConsoleKeyInfo key was pressed!
1667541470: Updated particle roster ^_^
1667541470: System.ConsoleKeyInfo key was pressed!
1667541470: Updated particle roster ^_^
1667541470: Updated particle roster ^_^
1667541470: Successfully added piece to the board from on_deck!
1667541470: Updated particle roster ^_^
1667541470: Successfully swapped active piece
1667541470: Updated particle roster ^_^
1667541470: Updated particle roster ^_^
1667541470: System.ConsoleKeyInfo key was pressed!
1667541470: Updated particle roster ^_^
1667541470: System.ConsoleKeyInfo key was pressed!
1667541470: Updated particle roster ^_^
1667541471: System.ConsoleKeyInfo key was pressed!
1667541471: Updated particle roster ^_^
1667541471: System.ConsoleKeyInfo key was pressed!
1667541471: Updated particle roster ^_^
1667541471: System.ConsoleKeyInfo key was pressed!
1667541471: Updated particle roster ^_^
1667541471: System.ConsoleKeyInfo key was pressed!
1667541471: Updated particle roster ^_^
1667541471: Updated particle roster ^_^
1667541471: Successfully added piece to the board from on_deck!
1667541471: Updated particle roster ^_^
1667541471: Successfully swapped active piece
1667541471: Updated particle roster ^_^
1667541471: Updated particle roster ^_^
1667541471: System.ConsoleKeyInfo key was pressed!
1667541471: Updated particle roster ^_^
1667541472: System.ConsoleKeyInfo key was pressed!
1667541472: Updated particle roster ^_^
1667541472: System.ConsoleKeyInfo key was pressed!
1667541472: Updated particle roster ^_^
1667541472: System.ConsoleKeyInfo key was pressed!
1667541472: Updated particle roster ^_^
1667541472: System.ConsoleKeyInfo key was pressed!
1667541472: Updated particle roster ^_^
1667541472: System.ConsoleKeyInfo key was pressed!
1667541472: Updated particle roster ^_^
1667541472: System.ConsoleKeyInfo key was pressed!
1667541472: Updated particle roster ^_^
1667541473: System.ConsoleKeyInfo key was pressed!
1667541473: Updated particle roster ^_^
1667541473: System.ConsoleKeyInfo key was pressed!
1667541473: Updated particle roster ^_^
1667541473: System.ConsoleKeyInfo key was pressed!
1667541473: Updated particle roster ^_^
1667541473: System.ConsoleKeyInfo key was pressed!
1667541473: Updated particle roster ^_^
1667541473: System.ConsoleKeyInfo key was pressed!
1667541473: Updated particle roster ^_^
1667541473: System.ConsoleKeyInfo key was pressed!
1667541473: Updated particle roster ^_^
1667541474: System.ConsoleKeyInfo key was pressed!
1667541474: Updated particle roster ^_^
1667541474: System.ConsoleKeyInfo key was pressed!
1667541474: Updated particle roster ^_^
1667541474: Updated particle roster ^_^
1667541474: Successfully added piece to the board from on_deck!
1667541474: Updated particle roster ^_^
1667541474: Successfully swapped active piece
1667541474: Updated particle roster ^_^
1667541474: Updated particle roster ^_^
1667541474: System.ConsoleKeyInfo key was pressed!
1667541474: Updated particle roster ^_^
1667541474: System.ConsoleKeyInfo key was pressed!
1667541474: Updated particle roster ^_^
1667541475: System.ConsoleKeyInfo key was pressed!
1667541475: Updated particle roster ^_^
1667541475: System.ConsoleKeyInfo key was pressed!
1667541475: Updated particle roster ^_^
1667541475: System.ConsoleKeyInfo key was pressed!
1667541475: Updated particle roster ^_^
1667541475: System.ConsoleKeyInfo key was pressed!
1667541475: Updated particle roster ^_^
1667541475: System.ConsoleKeyInfo key was pressed!
1667541475: Updated particle roster ^_^
1667541476: System.ConsoleKeyInfo key was pressed!
1667541476: Updated particle roster ^_^
1667541476: System.ConsoleKeyInfo key was pressed!
1667541476: Updated particle roster ^_^
1667541476: System.ConsoleKeyInfo key was pressed!
1667541476: Updated particle roster ^_^
1667541476: Updated particle roster ^_^
1667541476: Successfully added piece to the board from on_deck!
1667541476: Updated particle roster ^_^
1667541476: Successfully swapped active piece
1667541476: Updated particle roster ^_^
1667541476: Updated particle roster ^_^
1667541476: System.ConsoleKeyInfo key was pressed!
1667541476: Updated particle roster ^_^
1667541477: System.ConsoleKeyInfo key was pressed!
1667541477: Updated particle roster ^_^
1667541477: System.ConsoleKeyInfo key was pressed!
1667541477: Updated particle roster ^_^
1667541477: System.ConsoleKeyInfo key was pressed!
1667541477: Updated particle roster ^_^
1667541477: System.ConsoleKeyInfo key was pressed!
1667541477: Updated particle roster ^_^
1667541477: System.ConsoleKeyInfo key was pressed!
1667541477: Updated particle roster ^_^
1667541477: System.ConsoleKeyInfo key was pressed!
1667541477: Updated particle roster ^_^
1667541478: System.ConsoleKeyInfo key was pressed!
1667541478: Updated particle roster ^_^
1667541478: System.ConsoleKeyInfo key was pressed!
1667541478: Updated particle roster ^_^
1667541478: System.ConsoleKeyInfo key was pressed!
1667541478: Updated particle roster ^_^
1667541478: System.ConsoleKeyInfo key was pressed!
1667541478: Updated particle roster ^_^
1667541478: System.ConsoleKeyInfo key was pressed!
1667541478: Updated particle roster ^_^
1667541479: System.ConsoleKeyInfo key was pressed!
1667541479: Updated particle roster ^_^
1667541479: Updated particle roster ^_^
1667541479: Successfully added piece to the board from on_deck!
1667541479: Updated particle roster ^_^
1667541479: Successfully swapped active piece
1667541479: Updated particle roster ^_^
1667541479: Updated particle roster ^_^
1667541479: System.ConsoleKeyInfo key was pressed!
1667541479: Updated particle roster ^_^
1667541479: System.ConsoleKeyInfo key was pressed!
1667541479: Updated particle roster ^_^
1667541480: System.ConsoleKeyInfo key was pressed!
1667541480: Updated particle roster ^_^
1667541480: System.ConsoleKeyInfo key was pressed!
1667541480: Updated particle roster ^_^
1667541480: System.ConsoleKeyInfo key was pressed!
1667541480: Updated particle roster ^_^
1667541480: Updated particle roster ^_^
1667541480: Successfully added piece to the board from on_deck!
1667541480: Updated particle roster ^_^
1667541480: Successfully swapped active piece
1667541480: Updated particle roster ^_^
1667541480: Updated particle roster ^_^
1667541481: System.ConsoleKeyInfo key was pressed!
1667541481: Updated particle roster ^_^
1667541481: System.ConsoleKeyInfo key was pressed!
1667541481: Updated particle roster ^_^
1667541481: Updated particle roster ^_^
1667541481: Successfully added piece to the board from on_deck!
1667541481: Updated particle roster ^_^
1667541481: Successfully swapped active piece
1667541481: Updated particle roster ^_^
1667541481: Updated particle roster ^_^
1667541481: System.ConsoleKeyInfo key was pressed!
1667541481: Updated particle roster ^_^
1667541482: System.ConsoleKeyInfo key was pressed!
1667541482: Updated particle roster ^_^
1667541482: System.ConsoleKeyInfo key was pressed!
1667541482: Updated particle roster ^_^
1667541482: System.ConsoleKeyInfo key was pressed!
1667541482: Updated particle roster ^_^
1667541483: System.ConsoleKeyInfo key was pressed!
1667541483: Updated particle roster ^_^
1667541483: Updated particle roster ^_^
1667541483: Successfully added piece to the board from on_deck!
1667541483: Updated particle roster ^_^
1667541483: Successfully swapped active piece
1667541483: Updated particle roster ^_^
1667541483: Updated particle roster ^_^
1667541484: System.ConsoleKeyInfo key was pressed!
1667541484: Updated particle roster ^_^
1667541484: System.ConsoleKeyInfo key was pressed!
1667541484: Updated particle roster ^_^
1667541484: Updated particle roster ^_^
1667541484: Successfully added piece to the board from on_deck!
1667541484: Updated particle roster ^_^
1667541484: Successfully swapped active piece
1667541484: Updated particle roster ^_^
1667541484: Updated particle roster ^_^
1667541484: System.ConsoleKeyInfo key was pressed!
1667541484: Updated particle roster ^_^
1667541485: System.ConsoleKeyInfo key was pressed!
1667541485: Updated particle roster ^_^
1667541485: System.ConsoleKeyInfo key was pressed!
1667541485: Updated particle roster ^_^
1667541485: System.ConsoleKeyInfo key was pressed!
1667541485: Updated particle roster ^_^
1667541485: System.ConsoleKeyInfo key was pressed!
1667541485: Updated particle roster ^_^
1667541485: Updated particle roster ^_^
1667541485: Successfully added piece to the board from on_deck!
1667541485: Updated particle roster ^_^
1667541485: Successfully swapped active piece
1667541485: Updated particle roster ^_^
1667541485: Updated particle roster ^_^
1667581503: System.ConsoleKeyInfo key was pressed!
1667581503: Updated particle roster ^_^
1667581503: System.ConsoleKeyInfo key was pressed!
1667581503: Updated particle roster ^_^
1667581503: System.ConsoleKeyInfo key was pressed!
1667581503: Updated particle roster ^_^
1667581504: System.ConsoleKeyInfo key was pressed!
1667581504: Updated particle roster ^_^
1667581504: System.ConsoleKeyInfo key was pressed!
1667581504: Updated particle roster ^_^
1667581504: System.ConsoleKeyInfo key was pressed!
1667581504: Updated particle roster ^_^
1667581504: System.ConsoleKeyInfo key was pressed!
1667581504: Updated particle roster ^_^
1667581504: System.ConsoleKeyInfo key was pressed!
1667581504: Updated particle roster ^_^
1667581505: System.ConsoleKeyInfo key was pressed!
1667581505: Updated particle roster ^_^
1667581505: System.ConsoleKeyInfo key was pressed!
1667581505: Updated particle roster ^_^
1667581505: Updated particle roster ^_^
1667581505: Successfully added piece to the board from on_deck!
1667581505: Updated particle roster ^_^
1667581505: Successfully swapped active piece
1667581505: Updated particle roster ^_^
1667581505: Updated particle roster ^_^
1667581505: System.ConsoleKeyInfo key was pressed!
1667581505: Updated particle roster ^_^
1667581505: System.ConsoleKeyInfo key was pressed!
1667581505: Updated particle roster ^_^
1667581506: System.ConsoleKeyInfo key was pressed!
1667581506: Updated particle roster ^_^
1667581506: System.ConsoleKeyInfo key was pressed!
1667581506: Updated particle roster ^_^
1667581506: System.ConsoleKeyInfo key was pressed!
1667581506: Updated particle roster ^_^
1667581506: System.ConsoleKeyInfo key was pressed!
1667581506: Updated particle roster ^_^
1667581506: System.ConsoleKeyInfo key was pressed!
1667581506: Updated particle roster ^_^
1667581506: System.ConsoleKeyInfo key was pressed!
1667581506: Updated particle roster ^_^
1667581507: System.ConsoleKeyInfo key was pressed!
1667581507: Updated particle roster ^_^
1667581507: System.ConsoleKeyInfo key was pressed!
1667581507: Updated particle roster ^_^
1667581507: System.ConsoleKeyInfo key was pressed!
1667581507: Updated particle roster ^_^
1667581507: System.ConsoleKeyInfo key was pressed!
1667581507: Updated particle roster ^_^
1667581507: Updated particle roster ^_^
1667581507: Successfully added piece to the board from on_deck!
1667581507: Updated particle roster ^_^
1667581507: Successfully swapped active piece
1667581507: Updated particle roster ^_^
1667581507: Updated particle roster ^_^
1667581507: System.ConsoleKeyInfo key was pressed!
1667581507: Updated particle roster ^_^
1667581508: System.ConsoleKeyInfo key was pressed!
1667581508: Updated particle roster ^_^
1667581508: System.ConsoleKeyInfo key was pressed!
1667581508: Updated particle roster ^_^
1667581508: System.ConsoleKeyInfo key was pressed!
1667581508: Updated particle roster ^_^
1667581508: System.ConsoleKeyInfo key was pressed!
1667581508: Updated particle roster ^_^
1667581508: System.ConsoleKeyInfo key was pressed!
1667581508: Updated particle roster ^_^
1667581508: System.ConsoleKeyInfo key was pressed!
1667581508: Updated particle roster ^_^
1667581508: System.ConsoleKeyInfo key was pressed!
1667581508: Updated particle roster ^_^
1667581508: Updated particle roster ^_^
1667581508: Successfully added piece to the board from on_deck!
1667581508: Updated particle roster ^_^
1667581509: Successfully swapped active piece
1667581509: Updated particle roster ^_^
1667581509: Updated particle roster ^_^
