1667541268: Generating new block_unit type...
1667541268: Generated block_unit with the block_unit_type of T ^_^
1667541268: Generated block_unit default dimensions for active block ^_^
1667541268: is_active toggled to True
1667541271: Attempting to move 0 one spot up...
1667541271: Checking to see if we can move 18 space vertically...
1667541271: Generating new block_unit type...
1667541271: Generated block_unit with the block_unit_type of Z ^_^
1667541271: Generated block_unit default dimensions for active block ^_^
1667541271: is_active toggled to True
1667541271: is_active toggled to False
1667541295: Generating new block_unit type...
1667541295: Generated block_unit with the block_unit_type of T ^_^
1667541295: Generated block_unit default dimensions for active block ^_^
1667541295: is_active toggled to True
1667541296: Attempting to move 0 one spot up...
1667541296: Checking to see if we can move 18 space vertically...
1667541296: Generating new block_unit type...
1667541296: Generated block_unit with the block_unit_type of Reverse_L ^_^
1667541296: Generated block_unit default dimensions for active block ^_^
1667541296: is_active toggled to True
1667541296: is_active toggled to False
1667541300: Attempting to move 1 left...
1667541300: Attempting to move -1 space horizontally...
1667541300: Attempting to move 1 left...
1667541300: Attempting to move -1 space horizontally...
1667541300: Attempting to move 1 left...
1667541300: Attempting to move -1 space horizontally...
1667541301: Attempting to move 1 one spot up...
1667541301: Checking to see if we can move 17 space vertically...
1667541301: Generating new block_unit type...
1667541301: Generated block_unit with the block_unit_type of L ^_^
1667541301: Generated block_unit default dimensions for active block ^_^
1667541301: is_active toggled to True
1667541301: is_active toggled to False
1667541302: Attempting to move 2 right...
1667541302: Attempting to move 1 space horizontally...
1667541302: Attempting to move 2 right...
1667541302: Attempting to move 1 space horizontally...
1667541302: Attempting to move 2 right...
1667541302: Attempting to move 1 space horizontally...
1667541302: Attempting to move 2 right...
1667541302: Attempting to move 1 space horizontally...
1667541303: Attempting to move 2 one spot up...
1667541303: Checking to see if we can move 17 space vertically...
1667541303: Generating new block_unit type...
1667541303: Generated block_unit with the block_unit_type of Z ^_^
1667541303: Generated block_unit default dimensions for active block ^_^
1667541303: is_active toggled to True
1667541303: is_active toggled to False
1667541303: Attempting to move 3 right...
1667541303: Attempting to move 1 space horizontally...
1667541303: Attempting to move 3 right...
1667541303: Attempting to move 1 space horizontally...
1667541303: Attempting to move 3 right...
1667541303: Attempting to move 1 space horizontally...
1667541304: Attempting to move 3 left...
1667541304: Attempting to move -1 space horizontally...
1667541304: Attempting to move 3 one spot up...
1667541304: Checking to see if we can move 18 space vertically...
1667541304: Generating new block_unit type...
1667541304: Generated block_unit with the block_unit_type of L ^_^
1667541304: Generated block_unit default dimensions for active block ^_^
1667541304: is_active toggled to True
1667541304: is_active toggled to False
1667541305: Attempting to move 4 left...
1667541305: Attempting to move -1 space horizontally...
1667541305: Attempting to move 4 one spot down...
1667541305: Checking to see if we can move 1 space vertically...
1667541305: Attempting to move 4 one spot down...
1667541305: Checking to see if we can move 1 space vertically...
1667541305: Attempting to move 4 one spot down...
1667541305: Checking to see if we can move 1 space vertically...
1667541305: Attempting to move 4 one spot down...
1667541305: Checking to see if we can move 1 space vertically...
1667541306: Attempting to move 4 one spot down...
1667541306: Checking to see if we can move 1 space vertically...
1667541306: Attempting to move 4 one spot down...
1667541306: Checking to see if we can move 1 space vertically...
1667541306: Attempting to rotate 4 left...
1667541306: Set block_unit orientation to: 1
1667541306: Attempting to transform to new possible dimension
1667541306: Successfully rotated 4 to the left ^_^
1667541307: Attempting to rotate 4 left...
1667541307: Set block_unit orientation to: 2
1667541307: Attempting to transform to new possible dimension
1667541307: Successfully rotated 4 to the left ^_^
1667541307: Attempting to rotate 4 left...
1667541307: Set block_unit orientation to: 3
1667541307: Attempting to transform to new possible dimension
1667541307: Successfully rotated 4 to the left ^_^
1667541307: Attempting to rotate 4 left...
1667541307: Set block_unit orientation to: 4
1667541307: Attempting to transform to new possible dimension
1667541307: Successfully rotated 4 to the left ^_^
1667541307: Attempting to rotate 4 left...
1667541307: Set block_unit orientation to: 0
1667541307: Attempting to transform to new possible dimension
1667541307: Successfully rotated 4 to the left ^_^
1667541308: Attempting to rotate 4 left...
1667541308: Set block_unit orientation to: 1
1667541308: Attempting to transform to new possible dimension
1667541308: Successfully rotated 4 to the left ^_^
1667541309: Attempting to move 4 right...
1667541309: Attempting to move 1 space horizontally...
1667541309: Attempting to move 4 right...
1667541309: Attempting to move 1 space horizontally...
1667541309: Attempting to move 4 right...
1667541309: Attempting to move 1 space horizontally...
1667541309: Attempting to move 4 right...
1667541309: Attempting to move 1 space horizontally...
1667541309: Attempting to move 4 right...
1667541309: Attempting to move 1 space horizontally...
1667541310: Attempting to move 4 right...
1667541310: Attempting to move 1 space horizontally...
1667541310: Attempting to move 4 one spot up...
1667541310: Checking to see if we can move 10 space vertically...
1667541310: Generating new block_unit type...
1667541310: Generated block_unit with the block_unit_type of L ^_^
1667541310: Generated block_unit default dimensions for active block ^_^
1667541310: is_active toggled to True
1667541310: is_active toggled to False
1667541310: Attempting to move 5 left...
1667541310: Attempting to move -1 space horizontally...
1667541311: Attempting to move 5 left...
1667541311: Attempting to move -1 space horizontally...
1667541312: Attempting to move 5 right...
1667541312: Attempting to move 1 space horizontally...
1667541312: Attempting to move 5 right...
1667541312: Attempting to move 1 space horizontally...
1667541312: Attempting to move 5 right...
1667541312: Attempting to move 1 space horizontally...
1667541313: Attempting to move 5 left...
1667541313: Attempting to move -1 space horizontally...
1667541314: Attempting to rotate 5 left...
1667541314: Set block_unit orientation to: 1
1667541314: Attempting to transform to new possible dimension
1667541314: Successfully rotated 5 to the left ^_^
1667541315: Attempting to move 5 one spot up...
1667541315: Checking to see if we can move 16 space vertically...
1667541315: Generating new block_unit type...
1667541315: Generated block_unit with the block_unit_type of Z ^_^
1667541315: Generated block_unit default dimensions for active block ^_^
1667541315: is_active toggled to True
1667541315: is_active toggled to False
1667541316: Attempting to move 6 left...
1667541316: Attempting to move -1 space horizontally...
1667541317: Attempting to move 6 left...
1667541317: Attempting to move -1 space horizontally...
1667541317: Attempting to move 6 left...
1667541317: Attempting to move -1 space horizontally...
1667541318: Attempting to rotate 6 left...
1667541318: Set block_unit orientation to: 1
1667541318: Attempting to transform to new possible dimension
1667541318: This block_unit could intersect with something in the roster!!!
1667541318: This block_unit could intersect with something in the roster!!!
1667541318: This block_unit could intersect with something in the roster!!!
1667541318: This block_unit could intersect with something in the roster!!!
1667541318: Successfully rotated 6 to the left ^_^
1667541318: Attempting to move 6 one spot up...
1667541318: Checking to see if we can move 15 space vertically...
1667541318: Generating new block_unit type...
1667541318: Generated block_unit with the block_unit_type of T ^_^
1667541318: Generated block_unit default dimensions for active block ^_^
1667541318: is_active toggled to True
1667541318: is_active toggled to False
1667541319: Attempting to move 7 right...
1667541319: Attempting to move 1 space horizontally...
1667541319: Attempting to move 7 right...
1667541319: Attempting to move 1 space horizontally...
1667541320: Attempting to rotate 7 left...
1667541320: Set block_unit orientation to: 1
1667541320: Attempting to transform to new possible dimension
1667541320: Successfully rotated 7 to the right ^_^
1667541321: Attempting to move 7 right...
1667541321: Attempting to move 1 space horizontally...
1667541321: Attempting to move 7 one spot up...
1667541321: Checking to see if we can move 16 space vertically...
1667541321: Generating new block_unit type...
1667541321: Generated block_unit with the block_unit_type of Z ^_^
1667541321: Generated block_unit default dimensions for active block ^_^
1667541321: is_active toggled to True
1667541321: is_active toggled to False
1667541323: Attempting to rotate 8 left...
1667541323: Set block_unit orientation to: 1
1667541323: Attempting to transform to new possible dimension
1667541323: This block_unit could intersect with something in the roster!!!
1667541323: This block_unit could intersect with something in the roster!!!
1667541323: This block_unit could intersect with something in the roster!!!
1667541323: This block_unit could intersect with something in the roster!!!
1667541323: Successfully rotated 8 to the right ^_^
1667541324: Attempting to move 8 left...
1667541324: Attempting to move -1 space horizontally...
1667541324: Attempting to move 8 left...
1667541324: Attempting to move -1 space horizontally...
1667541324: Attempting to move 8 left...
1667541324: Attempting to move -1 space horizontally...
1667541324: Attempting to move 8 left...
1667541324: Attempting to move -1 space horizontally...
1667541324: Attempting to move 8 one spot up...
1667541324: Checking to see if we can move 13 space vertically...
1667541324: Generating new block_unit type...
1667541324: Generated block_unit with the block_unit_type of Z ^_^
1667541324: Generated block_unit default dimensions for active block ^_^
1667541324: is_active toggled to True
1667541324: is_active toggled to False
1667541325: Attempting to move 9 one spot down...
1667541325: Checking to see if we can move 1 space vertically...
1667541325: Attempting to move 9 one spot down...
1667541325: Checking to see if we can move 1 space vertically...
1667541325: Attempting to move 9 one spot down...
1667541325: Checking to see if we can move 1 space vertically...
1667541325: Attempting to move 9 one spot down...
1667541325: Checking to see if we can move 1 space vertically...
1667541326: Attempting to move 9 one spot down...
1667541326: Checking to see if we can move 1 space vertically...
1667541326: Attempting to move 9 right...
1667541326: Attempting to move 1 space horizontally...
1667541326: Attempting to move 9 right...
1667541326: Attempting to move 1 space horizontally...
1667541327: Attempting to rotate 9 left...
1667541327: Set block_unit orientation to: 1
1667541327: Attempting to transform to new possible dimension
1667541327: Successfully rotated 9 to the left ^_^
1667541328: Attempting to move 9 right...
1667541328: Attempting to move 1 space horizontally...
1667541328: Attempting to move 9 one spot up...
1667541328: Checking to see if we can move 10 space vertically...
1667541328: Generating new block_unit type...
1667541328: Generated block_unit with the block_unit_type of Reverse_L ^_^
1667541328: Generated block_unit default dimensions for active block ^_^
1667541328: is_active toggled to True
1667541328: is_active toggled to False
1667541330: Attempting to rotate 10 left...
1667541330: Set block_unit orientation to: 1
1667541330: Attempting to transform to new possible dimension
1667541330: Successfully rotated 10 to the left ^_^
1667541330: Attempting to rotate 10 left...
1667541330: Set block_unit orientation to: 2
1667541330: Attempting to transform to new possible dimension
1667541330: Successfully rotated 10 to the left ^_^
1667541331: Attempting to move 10 left...
1667541331: Attempting to move -1 space horizontally...
1667541331: Attempting to move 10 left...
1667541331: Attempting to move -1 space horizontally...
1667541331: Attempting to move 10 one spot down...
1667541331: Checking to see if we can move 1 space vertically...
1667541331: Attempting to move 10 one spot down...
1667541331: Checking to see if we can move 1 space vertically...
1667541332: Attempting to move 10 one spot down...
1667541332: Checking to see if we can move 1 space vertically...
1667541332: Attempting to move 10 one spot down...
1667541332: Checking to see if we can move 1 space vertically...
1667541332: Attempting to move 10 one spot down...
1667541332: Checking to see if we can move 1 space vertically...
1667541332: Attempting to move 10 one spot up...
1667541332: Checking to see if we can move 11 space vertically...
1667541332: Generating new block_unit type...
1667541332: Generated block_unit with the block_unit_type of Reverse_L ^_^
1667541332: Generated block_unit default dimensions for active block ^_^
1667541332: is_active toggled to True
1667541332: is_active toggled to False
1667541333: Attempting to move 11 right...
1667541333: Attempting to move 1 space horizontally...
1667541334: Attempting to move 11 one spot up...
1667541334: Checking to see if we can move 14 space vertically...
1667541334: Generating new block_unit type...
1667541334: Generated block_unit with the block_unit_type of L ^_^
1667541334: Generated block_unit default dimensions for active block ^_^
1667541334: is_active toggled to True
1667541334: is_active toggled to False
1667541334: Attempting to move 12 right...
1667541334: Attempting to move 1 space horizontally...
1667541335: Attempting to move 12 left...
1667541335: Attempting to move -1 space horizontally...
1667541335: Attempting to move 12 left...
1667541335: Attempting to move -1 space horizontally...
1667541336: Attempting to rotate 12 left...
1667541336: Set block_unit orientation to: 1
1667541336: Attempting to transform to new possible dimension
1667541336: Successfully rotated 12 to the left ^_^
1667541336: Attempting to rotate 12 left...
1667541336: Set block_unit orientation to: 2
1667541336: Attempting to transform to new possible dimension
1667541336: Successfully rotated 12 to the left ^_^
1667541336: Attempting to rotate 12 left...
1667541336: Set block_unit orientation to: 3
1667541336: Attempting to transform to new possible dimension
1667541336: Successfully rotated 12 to the left ^_^
1667541337: Attempting to move 12 one spot up...
1667541337: Checking to see if we can move 15 space vertically...
1667541337: Generating new block_unit type...
1667541337: Generated block_unit with the block_unit_type of T ^_^
1667541337: Generated block_unit default dimensions for active block ^_^
1667541337: is_active toggled to True
1667541337: is_active toggled to False
1667541338: Attempting to move 13 right...
1667541338: Attempting to move 1 space horizontally...
1667541338: Attempting to move 13 right...
1667541338: Attempting to move 1 space horizontally...
1667541338: Attempting to move 13 right...
1667541338: Attempting to move 1 space horizontally...
1667541339: Attempting to rotate 13 left...
1667541339: Set block_unit orientation to: 1
1667541339: Attempting to transform to new possible dimension
1667541339: Successfully rotated 13 to the left ^_^
1667541340: Attempting to rotate 13 left...
1667541340: Set block_unit orientation to: 2
1667541340: Attempting to transform to new possible dimension
1667541340: Successfully rotated 13 to the left ^_^
1667541341: Attempting to move 13 left...
1667541341: Attempting to move -1 space horizontally...
1667541341: Attempting to move 13 one spot up...
1667541341: Checking to see if we can move 14 space vertically...
1667541341: Generating new block_unit type...
1667541341: Generated block_unit with the block_unit_type of T ^_^
1667541341: Generated block_unit default dimensions for active block ^_^
1667541341: is_active toggled to True
1667541341: is_active toggled to False
1667541343: Attempting to rotate 14 left...
1667541343: Set block_unit orientation to: 1
1667541343: Attempting to transform to new possible dimension
1667541343: Successfully rotated 14 to the right ^_^
1667541344: Attempting to rotate 14 left...
1667541344: Set block_unit orientation to: 2
1667541344: Attempting to transform to new possible dimension
1667541344: Successfully rotated 14 to the left ^_^
1667541344: Attempting to rotate 14 left...
1667541344: Set block_unit orientation to: 3
1667541344: Attempting to transform to new possible dimension
1667541344: Successfully rotated 14 to the left ^_^
1667541345: Attempting to move 14 one spot down...
1667541345: Checking to see if we can move 1 space vertically...
1667541345: Attempting to move 14 one spot down...
1667541345: Checking to see if we can move 1 space vertically...
1667541345: Attempting to move 14 one spot down...
1667541345: Checking to see if we can move 1 space vertically...
1667541345: Attempting to move 14 one spot down...
1667541345: Checking to see if we can move 1 space vertically...
1667541345: Attempting to move 14 one spot down...
1667541345: Checking to see if we can move 1 space vertically...
1667541346: Attempting to move 14 one spot down...
1667541346: Checking to see if we can move 1 space vertically...
1667541346: Attempting to move 14 one spot down...
1667541346: Checking to see if we can move 1 space vertically...
1667541346: Attempting to move 14 one spot down...
1667541346: Checking to see if we can move 1 space vertically...
1667541346: Attempting to move 14 one spot down...
1667541346: Checking to see if we can move 1 space vertically...
1667541346: Attempting to move 14 one spot down...
1667541346: Checking to see if we can move 1 space vertically...
1667541347: Attempting to move 14 one spot down...
1667541347: Checking to see if we can move 1 space vertically...
1667541347: Attempting to move 14 one spot down...
1667541347: Checking to see if we can move 1 space vertically...
1667541347: Attempting to move 14 left...
1667541347: Attempting to move -1 space horizontally...
1667541347: Attempting to move 14 one spot down...
1667541347: Checking to see if we can move 1 space vertically...
1667541348: Attempting to move 14 one spot down...
1667541348: Checking to see if we can move 1 space vertically...
1667541348: Attempting to move 14 one spot up...
1667541348: Checking to see if we can move 0 space vertically...
1667541348: Generating new block_unit type...
1667541348: Generated block_unit with the block_unit_type of Z ^_^
1667541348: Generated block_unit default dimensions for active block ^_^
1667541348: is_active toggled to True
1667541348: is_active toggled to False
1667541349: Attempting to rotate 15 left...
1667541349: Set block_unit orientation to: 1
1667541349: Attempting to transform to new possible dimension
1667541349: This block_unit could intersect with something in the roster!!!
1667541349: This block_unit could intersect with something in the roster!!!
1667541349: This block_unit could intersect with something in the roster!!!
1667541349: This block_unit could intersect with something in the roster!!!
1667541349: Successfully rotated 15 to the right ^_^
1667541350: Attempting to move 15 left...
1667541350: Attempting to move -1 space horizontally...
1667541350: Attempting to move 15 left...
1667541350: Attempting to move -1 space horizontally...
1667541351: Attempting to move 15 left...
1667541351: Attempting to move -1 space horizontally...
1667541351: Attempting to move 15 left...
1667541351: Attempting to move -1 space horizontally...
1667541351: Attempting to move 15 one spot up...
1667541351: Checking to see if we can move 13 space vertically...
1667541351: Generating new block_unit type...
1667541351: Generated block_unit with the block_unit_type of L ^_^
1667541351: Generated block_unit default dimensions for active block ^_^
1667541351: is_active toggled to True
1667541351: is_active toggled to False
1667541353: Attempting to move 16 right...
1667541353: Attempting to move 1 space horizontally...
1667541353: Attempting to move 16 right...
1667541353: Attempting to move 1 space horizontally...
1667541353: Attempting to move 16 one spot down...
1667541353: Checking to see if we can move 1 space vertically...
1667541353: Attempting to move 16 one spot down...
1667541353: Checking to see if we can move 1 space vertically...
1667541353: Attempting to move 16 one spot down...
1667541353: Checking to see if we can move 1 space vertically...
1667541353: Attempting to move 16 right...
1667541353: Attempting to move 1 space horizontally...
1667541354: Attempting to move 16 right...
1667541354: Attempting to move 1 space horizontally...
1667541354: Attempting to move 16 one spot up...
1667541354: Checking to see if we can move 12 space vertically...
1667541354: Generating new block_unit type...
1667541354: Generated block_unit with the block_unit_type of L ^_^
1667541354: Generated block_unit default dimensions for active block ^_^
1667541354: is_active toggled to True
1667541354: is_active toggled to False
1667541354: Attempting to move 17 right...
1667541354: Attempting to move 1 space horizontally...
1667541354: Attempting to move 17 right...
1667541354: Attempting to move 1 space horizontally...
1667541355: Attempting to move 17 right...
1667541355: Attempting to move 1 space horizontally...
1667541355: Attempting to move 17 right...
1667541355: Attempting to move 1 space horizontally...
1667541355: Attempting to rotate 17 left...
1667541355: Set block_unit orientation to: 1
1667541355: Attempting to transform to new possible dimension
1667541355: Successfully rotated 17 to the right ^_^
1667541356: Attempting to rotate 17 left...
1667541356: Set block_unit orientation to: 2
1667541356: Attempting to transform to new possible dimension
1667541356: Successfully rotated 17 to the right ^_^
1667541356: Attempting to move 17 right...
1667541356: Attempting to move 1 space horizontally...
1667541356: Attempting to move 17 one spot down...
1667541356: Checking to see if we can move 1 space vertically...
1667541357: Attempting to move 17 one spot down...
1667541357: Checking to see if we can move 1 space vertically...
1667541357: Attempting to move 17 one spot up...
1667541357: Checking to see if we can move 12 space vertically...
1667541357: Generating new block_unit type...
1667541357: Generated block_unit with the block_unit_type of T ^_^
1667541357: Generated block_unit default dimensions for active block ^_^
1667541357: is_active toggled to True
1667541357: is_active toggled to False
1667541357: Attempting to move 18 right...
1667541357: Attempting to move 1 space horizontally...
1667541358: Attempting to move 18 one spot down...
1667541358: Checking to see if we can move 1 space vertically...
1667541358: Attempting to move 18 one spot down...
1667541358: Checking to see if we can move 1 space vertically...
1667541358: Attempting to move 18 one spot up...
1667541358: Checking to see if we can move 12 space vertically...
1667541358: Generating new block_unit type...
1667541358: Generated block_unit with the block_unit_type of T ^_^
1667541358: Generated block_unit default dimensions for active block ^_^
1667541358: is_active toggled to True
1667541358: is_active toggled to False
1667541359: Attempting to move 19 right...
1667541359: Attempting to move 1 space horizontally...
1667541359: Attempting to move 19 right...
1667541359: Attempting to move 1 space horizontally...
1667541359: Attempting to move 19 right...
1667541359: Attempting to move 1 space horizontally...
1667541360: Attempting to rotate 19 left...
1667541360: Set block_unit orientation to: 1
1667541360: Attempting to transform to new possible dimension
1667541360: Successfully rotated 19 to the right ^_^
1667541360: Attempting to rotate 19 left...
1667541360: Set block_unit orientation to: 2
1667541360: Attempting to transform to new possible dimension
1667541360: Successfully rotated 19 to the right ^_^
1667541361: Attempting to move 19 left...
1667541361: Attempting to move -1 space horizontally...
1667541362: Attempting to move 19 one spot up...
1667541362: Checking to see if we can move 12 space vertically...
1667541362: Generating new block_unit type...
1667541362: Generated block_unit with the block_unit_type of Reverse_L ^_^
1667541362: Generated block_unit default dimensions for active block ^_^
1667541362: is_active toggled to True
1667541362: is_active toggled to False
1667541362: Attempting to move 20 right...
1667541362: Attempting to move 1 space horizontally...
1667541363: Attempting to move 20 right...
1667541363: Attempting to move 1 space horizontally...
1667541363: Attempting to move 20 right...
1667541363: Attempting to move 1 space horizontally...
1667541363: Attempting to move 20 right...
1667541363: Attempting to move 1 space horizontally...
1667541363: Attempting to move 20 right...
1667541363: Attempting to move 1 space horizontally...
1667541364: Attempting to move 20 one spot up...
1667541364: Checking to see if we can move 12 space vertically...
1667541364: Generating new block_unit type...
1667541364: Generated block_unit with the block_unit_type of T ^_^
1667541364: Generated block_unit default dimensions for active block ^_^
1667541364: is_active toggled to True
1667541364: is_active toggled to False
1667541366: Attempting to rotate 21 left...
1667541366: Set block_unit orientation to: 1
1667541366: Attempting to transform to new possible dimension
1667541366: Successfully rotated 21 to the left ^_^
1667541367: Attempting to move 21 left...
1667541367: Attempting to move -1 space horizontally...
1667541367: Attempting to move 21 left...
1667541367: Attempting to move -1 space horizontally...
1667541367: Attempting to move 21 one spot down...
1667541367: Checking to see if we can move 1 space vertically...
1667541368: Attempting to move 21 one spot down...
1667541368: Checking to see if we can move 1 space vertically...
1667541368: Attempting to move 21 one spot down...
1667541368: Checking to see if we can move 1 space vertically...
1667541368: Attempting to move 21 left...
1667541368: Attempting to move -1 space horizontally...
1667541368: Attempting to move 21 left...
1667541368: Attempting to move -1 space horizontally...
1667541368: Attempting to move 21 one spot up...
1667541368: Checking to see if we can move 9 space vertically...
1667541368: Generating new block_unit type...
1667541368: Generated block_unit with the block_unit_type of L ^_^
1667541368: Generated block_unit default dimensions for active block ^_^
1667541368: is_active toggled to True
1667541368: is_active toggled to False
1667541369: Attempting to move 22 right...
1667541369: Attempting to move 1 space horizontally...
1667541370: Attempting to move 22 right...
1667541370: Attempting to move 1 space horizontally...
1667541370: Attempting to rotate 22 left...
1667541370: Set block_unit orientation to: 1
1667541370: Attempting to transform to new possible dimension
1667541370: Successfully rotated 22 to the left ^_^
1667541371: Attempting to rotate 22 left...
1667541371: Set block_unit orientation to: 2
1667541371: Attempting to transform to new possible dimension
1667541371: Successfully rotated 22 to the left ^_^
1667541371: Attempting to rotate 22 left...
1667541371: Set block_unit orientation to: 3
1667541371: Attempting to transform to new possible dimension
1667541371: Successfully rotated 22 to the right ^_^
1667541372: Attempting to move 22 one spot up...
1667541372: Checking to see if we can move 10 space vertically...
1667541372: Generating new block_unit type...
1667541372: Generated block_unit with the block_unit_type of Reverse_L ^_^
1667541372: Generated block_unit default dimensions for active block ^_^
1667541372: is_active toggled to True
1667541372: is_active toggled to False
1667541372: Attempting to move 23 one spot down...
1667541372: Checking to see if we can move 1 space vertically...
1667541372: Attempting to move 23 one spot down...
1667541372: Checking to see if we can move 1 space vertically...
1667541373: Attempting to move 23 one spot down...
1667541373: Checking to see if we can move 1 space vertically...
1667541373: Attempting to move 23 one spot down...
1667541373: Checking to see if we can move 1 space vertically...
1667541373: Attempting to move 23 one spot down...
1667541373: Checking to see if we can move 1 space vertically...
1667541373: Attempting to move 23 one spot down...
1667541373: Checking to see if we can move 1 space vertically...
1667541374: Attempting to move 23 one spot down...
1667541374: Checking to see if we can move 1 space vertically...
1667541374: Attempting to move 23 one spot down...
1667541374: Checking to see if we can move 1 space vertically...
1667541374: Attempting to move 23 left...
1667541374: Attempting to move -1 space horizontally...
1667541374: Attempting to move 23 left...
1667541374: Attempting to move -1 space horizontally...
1667541375: Attempting to rotate 23 left...
1667541375: Set block_unit orientation to: 1
1667541375: Attempting to transform to new possible dimension
1667541375: Successfully rotated 23 to the left ^_^
1667541376: Attempting to move 23 one spot up...
1667541376: Checking to see if we can move 3 space vertically...
1667541376: Generating new block_unit type...
1667541376: Generated block_unit with the block_unit_type of 5 ^_^
1667541376: Generated block_unit default dimensions for active block ^_^
1667541376: is_active toggled to True
1667541376: is_active toggled to False
1667541377: Attempting to rotate 24 left...
1667541377: Set block_unit orientation to: 1
1667541377: Attempting to transform to new possible dimension
1667541377: This block_unit could intersect with something in the roster!!!
1667541377: This block_unit could intersect with something in the roster!!!
1667541377: This block_unit could intersect with something in the roster!!!
1667541377: This block_unit could intersect with something in the roster!!!
1667541377: Successfully rotated 24 to the right ^_^
1667541378: Attempting to move 24 left...
1667541378: Attempting to move -1 space horizontally...
1667541378: Attempting to move 24 one spot down...
1667541378: Checking to see if we can move 1 space vertically...
1667541379: Attempting to move 24 one spot down...
1667541379: Checking to see if we can move 1 space vertically...
1667541379: Attempting to move 24 one spot down...
1667541379: Checking to see if we can move 1 space vertically...
1667541379: Attempting to move 24 one spot down...
1667541379: Checking to see if we can move 1 space vertically...
1667541379: Attempting to move 24 one spot up...
1667541379: Checking to see if we can move 6 space vertically...
1667541379: Generating new block_unit type...
1667541379: Generated block_unit with the block_unit_type of Reverse_L ^_^
1667541379: Generated block_unit default dimensions for active block ^_^
1667541379: is_active toggled to True
1667541379: is_active toggled to False
1667541380: Attempting to move 25 right...
1667541380: Attempting to move 1 space horizontally...
1667541380: Attempting to move 25 right...
1667541380: Attempting to move 1 space horizontally...
1667541380: Attempting to move 25 right...
1667541380: Attempting to move 1 space horizontally...
1667541381: Attempting to move 25 right...
1667541381: Attempting to move 1 space horizontally...
1667541381: Attempting to move 25 right...
1667541381: Attempting to move 1 space horizontally...
1667541381: Attempting to move 25 one spot up...
1667541381: Checking to see if we can move 9 space vertically...
1667541381: Generating new block_unit type...
1667541381: Generated block_unit with the block_unit_type of 5 ^_^
1667541381: Generated block_unit default dimensions for active block ^_^
1667541381: is_active toggled to True
1667541381: is_active toggled to False
1667541382: Attempting to move 26 left...
1667541382: Attempting to move -1 space horizontally...
1667541382: Attempting to move 26 left...
1667541382: Attempting to move -1 space horizontally...
1667541382: Attempting to move 26 right...
1667541382: Attempting to move 1 space horizontally...
1667541382: Attempting to move 26 right...
1667541382: Attempting to move 1 space horizontally...
1667541383: Attempting to rotate 26 left...
1667541383: Set block_unit orientation to: 1
1667541383: Attempting to transform to new possible dimension
1667541383: This block_unit could intersect with something in the roster!!!
1667541383: This block_unit could intersect with something in the roster!!!
1667541383: This block_unit could intersect with something in the roster!!!
1667541383: This block_unit could intersect with something in the roster!!!
1667541383: Successfully rotated 26 to the right ^_^
1667541384: Attempting to move 26 left...
1667541384: Attempting to move -1 space horizontally...
1667541384: Attempting to move 26 one spot up...
1667541384: Checking to see if we can move 8 space vertically...
1667541384: Generating new block_unit type...
1667541384: Generated block_unit with the block_unit_type of 5 ^_^
1667541384: Generated block_unit default dimensions for active block ^_^
1667541384: is_active toggled to True
1667541384: is_active toggled to False
1667541390: Generating new block_unit type...
1667541390: Generated block_unit with the block_unit_type of I ^_^
1667541390: Generated block_unit default dimensions for active block ^_^
1667541390: is_active toggled to True
1667541391: Attempting to move 0 one spot up...
1667541391: Checking to see if we can move 16 space vertically...
1667541391: Generating new block_unit type...
1667541391: Generated block_unit with the block_unit_type of Reverse_L ^_^
1667541391: Generated block_unit default dimensions for active block ^_^
1667541391: is_active toggled to True
1667541391: is_active toggled to False
1667541391: Attempting to move 1 left...
1667541391: Attempting to move -1 space horizontally...
1667541392: Attempting to move 1 left...
1667541392: Attempting to move -1 space horizontally...
1667541392: Attempting to move 1 left...
1667541392: Attempting to move -1 space horizontally...
1667541392: Attempting to move 1 one spot up...
1667541392: Checking to see if we can move 17 space vertically...
1667541392: Generating new block_unit type...
1667541392: Generated block_unit with the block_unit_type of I ^_^
1667541392: Generated block_unit default dimensions for active block ^_^
1667541392: is_active toggled to True
1667541392: is_active toggled to False
1667541392: Attempting to move 2 right...
1667541392: Attempting to move 1 space horizontally...
1667541393: Attempting to move 2 right...
1667541393: Attempting to move 1 space horizontally...
1667541393: Attempting to move 2 right...
1667541393: Attempting to move 1 space horizontally...
1667541393: Attempting to move 2 right...
1667541393: Attempting to move 1 space horizontally...
1667541393: Attempting to move 2 right...
1667541393: Attempting to move 1 space horizontally...
1667541393: Attempting to move 2 one spot up...
1667541393: Checking to see if we can move 16 space vertically...
1667541393: Generating new block_unit type...
1667541393: Generated block_unit with the block_unit_type of L ^_^
1667541393: Generated block_unit default dimensions for active block ^_^
1667541393: is_active toggled to True
1667541393: is_active toggled to False
1667541394: Attempting to move 3 one spot down...
1667541394: Checking to see if we can move 1 space vertically...
1667541394: Attempting to move 3 right...
1667541394: Attempting to move 1 space horizontally...
1667541394: Attempting to move 3 one spot up...
1667541394: Checking to see if we can move 16 space vertically...
1667541394: Generating new block_unit type...
1667541394: Generated block_unit with the block_unit_type of T ^_^
1667541394: Generated block_unit default dimensions for active block ^_^
1667541394: is_active toggled to True
1667541394: is_active toggled to False
1667541395: Attempting to move 4 right...
1667541395: Attempting to move 1 space horizontally...
1667541395: Attempting to move 4 right...
1667541395: Attempting to move 1 space horizontally...
1667541395: Attempting to move 4 right...
1667541395: Attempting to move 1 space horizontally...
1667541395: Attempting to move 4 one spot up...
1667541395: Checking to see if we can move 17 space vertically...
1667541395: Generating new block_unit type...
1667541395: Generated block_unit with the block_unit_type of 5 ^_^
1667541395: Generated block_unit default dimensions for active block ^_^
1667541395: is_active toggled to True
1667541395: is_active toggled to False
1667541466: Generating new block_unit type...
1667541466: Generated block_unit with the block_unit_type of 5 ^_^
1667541466: Generated block_unit default dimensions for active block ^_^
1667541466: is_active toggled to True
1667541467: Attempting to move 0 one spot down...
1667541467: Checking to see if we can move 1 space vertically...
1667541467: Attempting to move 0 one spot down...
1667541467: Checking to see if we can move 1 space vertically...
1667541468: Attempting to move 0 left...
1667541468: Attempting to move -1 space horizontally...
1667541468: Attempting to move 0 left...
1667541468: Attempting to move -1 space horizontally...
1667541468: Attempting to move 0 left...
1667541468: Attempting to move -1 space horizontally...
1667541468: Attempting to move 0 left...
1667541468: Attempting to move -1 space horizontally...
1667541468: Attempting to move 0 left...
1667541468: Attempting to move -1 space horizontally...
1667541469: Attempting to move 0 left...
1667541469: Attempting to move -1 space horizontally...
1667541469: Attempting to move 0 one spot up...
1667541469: Checking to see if we can move 6 space vertically...
1667541469: Generating new block_unit type...
1667541469: Generated block_unit with the block_unit_type of 5 ^_^
1667541469: Generated block_unit default dimensions for active block ^_^
1667541469: is_active toggled to True
1667541469: is_active toggled to False
1667541470: Attempting to move 1 right...
1667541470: Attempting to move 1 space horizontally...
1667541470: Attempting to move 1 right...
1667541470: Attempting to move 1 space horizontally...
1667541470: Attempting to move 1 one spot up...
1667541470: Checking to see if we can move 8 space vertically...
1667541470: Generating new block_unit type...
1667541470: Generated block_unit with the block_unit_type of T ^_^
1667541470: Generated block_unit default dimensions for active block ^_^
1667541470: is_active toggled to True
1667541470: is_active toggled to False
1667541470: Attempting to move 2 right...
1667541470: Attempting to move 1 space horizontally...
1667541470: Attempting to move 2 right...
1667541470: Attempting to move 1 space horizontally...
1667541471: Attempting to move 2 right...
1667541471: Attempting to move 1 space horizontally...
1667541471: Attempting to move 2 right...
1667541471: Attempting to move 1 space horizontally...
1667541471: Attempting to move 2 right...
1667541471: Attempting to move 1 space horizontally...
1667541471: Attempting to move 2 one spot up...
1667541471: Checking to see if we can move 8 space vertically...
1667541471: Generating new block_unit type...
1667541471: Generated block_unit with the block_unit_type of T ^_^
1667541471: Generated block_unit default dimensions for active block ^_^
1667541471: is_active toggled to True
1667541471: is_active toggled to False
1667541471: Attempting to move 3 right...
1667541471: Attempting to move 1 space horizontally...
1667541472: Attempting to move 3 right...
1667541472: Attempting to move 1 space horizontally...
1667541472: Attempting to move 3 right...
1667541472: Attempting to move 1 space horizontally...
1667541472: Attempting to move 3 right...
1667541472: Attempting to move 1 space horizontally...
1667541472: Attempting to move 3 right...
1667541472: Attempting to move 1 space horizontally...
1667541472: Attempting to move 3 right...
1667541472: Attempting to move 1 space horizontally...
1667541472: Attempting to move 3 right...
1667541472: Attempting to move 1 space horizontally...
1667541473: Attempting to move 3 right...
1667541473: Attempting to move 1 space horizontally...
1667541473: Attempting to move 3 one spot down...
1667541473: Checking to see if we can move 1 space vertically...
1667541473: Attempting to move 3 one spot down...
1667541473: Checking to see if we can move 1 space vertically...
1667541473: Attempting to move 3 one spot down...
1667541473: Checking to see if we can move 1 space vertically...
1667541473: Attempting to move 3 right...
1667541473: Attempting to move 1 space horizontally...
1667541473: Attempting to move 3 right...
1667541473: Attempting to move 1 space horizontally...
1667541474: Attempting to move 3 right...
1667541474: Attempting to move 1 space horizontally...
1667541474: Attempting to move 3 one spot up...
1667541474: Checking to see if we can move 5 space vertically...
1667541474: Generating new block_unit type...
1667541474: Generated block_unit with the block_unit_type of Z ^_^
1667541474: Generated block_unit default dimensions for active block ^_^
1667541474: is_active toggled to True
1667541474: is_active toggled to False
1667541474: Attempting to move 4 right...
1667541474: Attempting to move 1 space horizontally...
1667541474: Attempting to move 4 right...
1667541474: Attempting to move 1 space horizontally...
1667541475: Attempting to move 4 right...
1667541475: Attempting to move 1 space horizontally...
1667541475: Attempting to move 4 right...
1667541475: Attempting to move 1 space horizontally...
1667541475: Attempting to move 4 one spot down...
1667541475: Checking to see if we can move 1 space vertically...
1667541475: Attempting to move 4 one spot down...
1667541475: Checking to see if we can move 1 space vertically...
1667541475: Attempting to move 4 one spot down...
1667541475: Checking to see if we can move 1 space vertically...
1667541476: Attempting to move 4 right...
1667541476: Attempting to move 1 space horizontally...
1667541476: Attempting to move 4 right...
1667541476: Attempting to move 1 space horizontally...
1667541476: Attempting to move 4 one spot up...
1667541476: Checking to see if we can move 4 space vertically...
1667541476: Generating new block_unit type...
1667541476: Generated block_unit with the block_unit_type of T ^_^
1667541476: Generated block_unit default dimensions for active block ^_^
1667541476: is_active toggled to True
1667541476: is_active toggled to False
1667541476: Attempting to move 5 right...
1667541476: Attempting to move 1 space horizontally...
1667541477: Attempting to move 5 right...
1667541477: Attempting to move 1 space horizontally...
1667541477: Attempting to move 5 right...
1667541477: Attempting to move 1 space horizontally...
1667541477: Attempting to move 5 right...
1667541477: Attempting to move 1 space horizontally...
1667541477: Attempting to move 5 right...
1667541477: Attempting to move 1 space horizontally...
1667541477: Attempting to move 5 one spot down...
1667541477: Checking to see if we can move 1 space vertically...
1667541477: Attempting to move 5 one spot down...
1667541477: Checking to see if we can move 1 space vertically...
1667541478: Attempting to move 5 one spot down...
1667541478: Checking to see if we can move 1 space vertically...
1667541478: Attempting to move 5 right...
1667541478: Attempting to move 1 space horizontally...
1667541478: Attempting to move 5 right...
1667541478: Attempting to move 1 space horizontally...
1667541478: Attempting to move 5 right...
1667541478: Attempting to move 1 space horizontally...
1667541478: Attempting to move 5 right...
1667541478: Attempting to move 1 space horizontally...
1667541479: Attempting to move 5 one spot up...
1667541479: Checking to see if we can move 4 space vertically...
1667541479: Generating new block_unit type...
1667541479: Generated block_unit with the block_unit_type of I ^_^
1667541479: Generated block_unit default dimensions for active block ^_^
1667541479: is_active toggled to True
1667541479: is_active toggled to False
1667541479: Attempting to move 6 right...
1667541479: Attempting to move 1 space horizontally...
1667541479: Attempting to move 6 right...
1667541479: Attempting to move 1 space horizontally...
1667541480: Attempting to move 6 right...
1667541480: Attempting to move 1 space horizontally...
1667541480: Attempting to move 6 right...
1667541480: Attempting to move 1 space horizontally...
1667541480: Attempting to move 6 one spot up...
1667541480: Checking to see if we can move 5 space vertically...
1667541480: Generating new block_unit type...
1667541480: Generated block_unit with the block_unit_type of T ^_^
1667541480: Generated block_unit default dimensions for active block ^_^
1667541480: is_active toggled to True
1667541480: is_active toggled to False
1667541481: Attempting to move 7 left...
1667541481: Attempting to move -1 space horizontally...
1667541481: Attempting to move 7 one spot up...
1667541481: Checking to see if we can move 8 space vertically...
1667541481: Generating new block_unit type...
1667541481: Generated block_unit with the block_unit_type of T ^_^
1667541481: Generated block_unit default dimensions for active block ^_^
1667541481: is_active toggled to True
1667541481: is_active toggled to False
1667541481: Attempting to move 8 left...
1667541481: Attempting to move -1 space horizontally...
1667541482: Attempting to move 8 left...
1667541482: Attempting to move -1 space horizontally...
1667541482: Attempting to move 8 left...
1667541482: Attempting to move -1 space horizontally...
1667541482: Attempting to move 8 left...
1667541482: Attempting to move -1 space horizontally...
1667541483: Attempting to move 8 one spot up...
1667541483: Checking to see if we can move 6 space vertically...
1667541483: Generating new block_unit type...
1667541483: Generated block_unit with the block_unit_type of Z ^_^
1667541483: Generated block_unit default dimensions for active block ^_^
1667541483: is_active toggled to True
1667541483: is_active toggled to False
1667541484: Attempting to move 9 left...
1667541484: Attempting to move -1 space horizontally...
1667541484: Attempting to move 9 one spot up...
1667541484: Checking to see if we can move 6 space vertically...
1667541484: Generating new block_unit type...
1667541484: Generated block_unit with the block_unit_type of T ^_^
1667541484: Generated block_unit default dimensions for active block ^_^
1667541484: is_active toggled to True
1667541484: is_active toggled to False
1667541484: Attempting to move 10 left...
1667541484: Attempting to move -1 space horizontally...
1667541485: Attempting to move 10 right...
1667541485: Attempting to move 1 space horizontally...
1667541485: Attempting to move 10 right...
1667541485: Attempting to move 1 space horizontally...
1667541485: Attempting to move 10 right...
1667541485: Attempting to move 1 space horizontally...
1667541485: Attempting to move 10 one spot up...
1667541485: Checking to see if we can move 6 space vertically...
1667541485: Generating new block_unit type...
1667541485: Generated block_unit with the block_unit_type of T ^_^
1667541485: Generated block_unit default dimensions for active block ^_^
1667541485: is_active toggled to True
1667541485: is_active toggled to False
1667581503: Attempting to move 11 left...
1667581503: Attempting to move -1 space horizontally...
1667581503: Attempting to move 11 left...
1667581503: Attempting to move -1 space horizontally...
1667581503: Attempting to move 11 left...
1667581503: Attempting to move -1 space horizontally...
1667581504: Attempting to move 11 left...
1667581504: Attempting to move -1 space horizontally...
1667581504: Attempting to move 11 left...
1667581504: Attempting to move -1 space horizontally...
1667581504: Attempting to move 11 left...
1667581504: Attempting to move -1 space horizontally...
1667581504: Attempting to move 11 left...
1667581504: Attempting to move -1 space horizontally...
1667581504: Attempting to move 11 left...
1667581504: Attempting to move -1 space horizontally...
1667581505: Attempting to move 11 left...
1667581505: Attempting to move -1 space horizontally...
1667581505: Attempting to move 11 one spot up...
1667581505: Checking to see if we can move 8 space vertically...
1667581505: Generating new block_unit type...
1667581505: Generated block_unit with the block_unit_type of 5 ^_^
1667581505: Generated block_unit default dimensions for active block ^_^
1667581505: is_active toggled to True
1667581505: is_active toggled to False
1667581505: Attempting to move 12 left...
1667581505: Attempting to move -1 space horizontally...
1667581505: Attempting to move 12 left...
1667581505: Attempting to move -1 space horizontally...
1667581506: Attempting to move 12 left...
1667581506: Attempting to move -1 space horizontally...
1667581506: Attempting to move 12 left...
1667581506: Attempting to move -1 space horizontally...
1667581506: Attempting to move 12 one spot down...
1667581506: Checking to see if we can move 1 space vertically...
1667581506: Attempting to move 12 one spot down...
1667581506: Checking to see if we can move 1 space vertically...
1667581506: Attempting to move 12 one spot down...
1667581506: Checking to see if we can move 1 space vertically...
1667581506: Attempting to move 12 one spot down...
1667581506: Checking to see if we can move 1 space vertically...
1667581507: Attempting to move 12 left...
1667581507: Attempting to move -1 space horizontally...
1667581507: Attempting to move 12 left...
1667581507: Attempting to move -1 space horizontally...
1667581507: Attempting to move 12 left...
1667581507: Attempting to move -1 space horizontally...
1667581507: Attempting to move 12 one spot up...
1667581507: Checking to see if we can move 3 space vertically...
1667581507: Generating new block_unit type...
1667581507: Generated block_unit with the block_unit_type of T ^_^
1667581507: Generated block_unit default dimensions for active block ^_^
1667581507: is_active toggled to True
1667581507: is_active toggled to False
1667581507: Attempting to move 13 right...
1667581507: Attempting to move 1 space horizontally...
1667581508: Attempting to move 13 right...
1667581508: Attempting to move 1 space horizontally...
1667581508: Attempting to move 13 right...
1667581508: Attempting to move 1 space horizontally...
1667581508: Attempting to move 13 right...
1667581508: Attempting to move 1 space horizontally...
1667581508: Attempting to move 13 right...
1667581508: Attempting to move 1 space horizontally...
1667581508: Attempting to move 13 right...
1667581508: Attempting to move 1 space horizontally...
1667581508: Attempting to move 13 one spot down...
1667581508: Checking to see if we can move 1 space vertically...
1667581508: Attempting to move 13 one spot up...
1667581508: Checking to see if we can move 4 space vertically...
1667581508: Generating new block_unit type...
1667581508: Generated block_unit with the block_unit_type of Reverse_L ^_^
1667581508: Generated block_unit default dimensions for active block ^_^
1667581508: is_active toggled to True
1667581508: is_active toggled to False
